c:\users\student\documents\visual studio 2015\projects\03_directx_cpp\c++制作01\cpp_001_rockdash\dcpp_001_act\debug\dcpp_001_act.pch
c:\users\student\documents\visual studio 2015\projects\03_directx_cpp\c++制作01\cpp_001_rockdash\dcpp_001_act\debug\vc140.pdb
c:\users\student\documents\visual studio 2015\projects\03_directx_cpp\c++制作01\cpp_001_rockdash\dcpp_001_act\debug\vc140.idb
c:\users\student\documents\visual studio 2015\projects\03_directx_cpp\c++制作01\cpp_001_rockdash\dcpp_001_act\debug\precompile.obj
c:\users\student\documents\visual studio 2015\projects\03_directx_cpp\c++制作01\cpp_001_rockdash\dcpp_001_act\debug\objectbillboard.obj
c:\users\student\documents\visual studio 2015\projects\03_directx_cpp\c++制作01\cpp_001_rockdash\dcpp_001_act\debug\objectx.obj
c:\users\student\documents\visual studio 2015\projects\03_directx_cpp\c++制作01\cpp_001_rockdash\dcpp_001_act\debug\particle.obj
c:\users\student\documents\visual studio 2015\projects\03_directx_cpp\c++制作01\cpp_001_rockdash\dcpp_001_act\debug\parts.obj
c:\users\student\documents\visual studio 2015\projects\03_directx_cpp\c++制作01\cpp_001_rockdash\dcpp_001_act\debug\pause.obj
c:\users\student\documents\visual studio 2015\projects\03_directx_cpp\c++制作01\cpp_001_rockdash\dcpp_001_act\debug\player.obj
c:\users\student\documents\visual studio 2015\projects\03_directx_cpp\c++制作01\cpp_001_rockdash\dcpp_001_act\debug\ranking.obj
c:\users\student\documents\visual studio 2015\projects\03_directx_cpp\c++制作01\cpp_001_rockdash\dcpp_001_act\debug\renderer.obj
c:\users\student\documents\visual studio 2015\projects\03_directx_cpp\c++制作01\cpp_001_rockdash\dcpp_001_act\debug\result.obj
c:\users\student\documents\visual studio 2015\projects\03_directx_cpp\c++制作01\cpp_001_rockdash\dcpp_001_act\debug\score.obj
c:\users\student\documents\visual studio 2015\projects\03_directx_cpp\c++制作01\cpp_001_rockdash\dcpp_001_act\debug\sound.obj
c:\users\student\documents\visual studio 2015\projects\03_directx_cpp\c++制作01\cpp_001_rockdash\dcpp_001_act\debug\spawn.obj
c:\users\student\documents\visual studio 2015\projects\03_directx_cpp\c++制作01\cpp_001_rockdash\dcpp_001_act\debug\state_life.obj
c:\users\student\documents\visual studio 2015\projects\03_directx_cpp\c++制作01\cpp_001_rockdash\dcpp_001_act\debug\texture.obj
c:\users\student\documents\visual studio 2015\projects\03_directx_cpp\c++制作01\cpp_001_rockdash\dcpp_001_act\debug\timer.obj
c:\users\student\documents\visual studio 2015\projects\03_directx_cpp\c++制作01\cpp_001_rockdash\dcpp_001_act\debug\title.obj
c:\users\student\documents\visual studio 2015\projects\03_directx_cpp\c++制作01\cpp_001_rockdash\dcpp_001_act\debug\tutorial.obj
c:\users\student\documents\visual studio 2015\projects\03_directx_cpp\c++制作01\cpp_001_rockdash\dcpp_001_act\debug\weapon.obj
c:\users\student\documents\visual studio 2015\projects\03_directx_cpp\c++制作01\cpp_001_rockdash\dcpp_001_act\debug\wp_boost.obj
c:\users\student\documents\visual studio 2015\projects\03_directx_cpp\c++制作01\cpp_001_rockdash\dcpp_001_act\debug\xmodel.obj
c:\users\student\documents\visual studio 2015\projects\03_directx_cpp\c++制作01\cpp_001_rockdash\dcpp_001_act\debug\experience.obj
c:\users\student\documents\visual studio 2015\projects\03_directx_cpp\c++制作01\cpp_001_rockdash\dcpp_001_act\debug\explosion.obj
c:\users\student\documents\visual studio 2015\projects\03_directx_cpp\c++制作01\cpp_001_rockdash\dcpp_001_act\debug\fade.obj
c:\users\student\documents\visual studio 2015\projects\03_directx_cpp\c++制作01\cpp_001_rockdash\dcpp_001_act\debug\field.obj
c:\users\student\documents\visual studio 2015\projects\03_directx_cpp\c++制作01\cpp_001_rockdash\dcpp_001_act\debug\game.obj
c:\users\student\documents\visual studio 2015\projects\03_directx_cpp\c++制作01\cpp_001_rockdash\dcpp_001_act\debug\gauge.obj
c:\users\student\documents\visual studio 2015\projects\03_directx_cpp\c++制作01\cpp_001_rockdash\dcpp_001_act\debug\growselecter.obj
c:\users\student\documents\visual studio 2015\projects\03_directx_cpp\c++制作01\cpp_001_rockdash\dcpp_001_act\debug\input.obj
c:\users\student\documents\visual studio 2015\projects\03_directx_cpp\c++制作01\cpp_001_rockdash\dcpp_001_act\debug\item.obj
c:\users\student\documents\visual studio 2015\projects\03_directx_cpp\c++制作01\cpp_001_rockdash\dcpp_001_act\debug\item2d.obj
c:\users\student\documents\visual studio 2015\projects\03_directx_cpp\c++制作01\cpp_001_rockdash\dcpp_001_act\debug\light.obj
c:\users\student\documents\visual studio 2015\projects\03_directx_cpp\c++制作01\cpp_001_rockdash\dcpp_001_act\debug\main.obj
c:\users\student\documents\visual studio 2015\projects\03_directx_cpp\c++制作01\cpp_001_rockdash\dcpp_001_act\debug\manager.obj
c:\users\student\documents\visual studio 2015\projects\03_directx_cpp\c++制作01\cpp_001_rockdash\dcpp_001_act\debug\motion.obj
c:\users\student\documents\visual studio 2015\projects\03_directx_cpp\c++制作01\cpp_001_rockdash\dcpp_001_act\debug\multibg.obj
c:\users\student\documents\visual studio 2015\projects\03_directx_cpp\c++制作01\cpp_001_rockdash\dcpp_001_act\debug\number.obj
c:\users\student\documents\visual studio 2015\projects\03_directx_cpp\c++制作01\cpp_001_rockdash\dcpp_001_act\debug\object.obj
c:\users\student\documents\visual studio 2015\projects\03_directx_cpp\c++制作01\cpp_001_rockdash\dcpp_001_act\debug\object2d.obj
c:\users\student\documents\visual studio 2015\projects\03_directx_cpp\c++制作01\cpp_001_rockdash\dcpp_001_act\debug\object3d.obj
c:\users\student\documents\visual studio 2015\projects\03_directx_cpp\c++制作01\cpp_001_rockdash\dcpp_001_act\debug\anim.obj
c:\users\student\documents\visual studio 2015\projects\03_directx_cpp\c++制作01\cpp_001_rockdash\dcpp_001_act\debug\bg.obj
c:\users\student\documents\visual studio 2015\projects\03_directx_cpp\c++制作01\cpp_001_rockdash\dcpp_001_act\debug\block.obj
c:\users\student\documents\visual studio 2015\projects\03_directx_cpp\c++制作01\cpp_001_rockdash\dcpp_001_act\debug\bullet.obj
c:\users\student\documents\visual studio 2015\projects\03_directx_cpp\c++制作01\cpp_001_rockdash\dcpp_001_act\debug\camera.obj
c:\users\student\documents\visual studio 2015\projects\03_directx_cpp\c++制作01\cpp_001_rockdash\dcpp_001_act\debug\cursor.obj
c:\users\student\documents\visual studio 2015\projects\03_directx_cpp\c++制作01\cpp_001_rockdash\dcpp_001_act\debug\debugproc.obj
c:\users\student\documents\visual studio 2015\projects\03_directx_cpp\c++制作01\cpp_001_rockdash\dcpp_001_act\debug\effect.obj
c:\users\student\documents\visual studio 2015\projects\03_directx_cpp\c++制作01\cpp_001_rockdash\dcpp_001_act\debug\enemy.obj
c:\users\student\documents\visual studio 2015\projects\03_directx_cpp\c++制作01\cpp_001_rockdash\dcpp_001_act\debug\enemy_boss.obj
c:\users\student\documents\visual studio 2015\projects\03_directx_cpp\c++制作01\cpp_001_rockdash\dcpp_001_act\debug\map.obj
c:\users\student\documents\visual studio 2015\projects\03_directx_cpp\c++制作01\cpp_001_rockdash\dcpp_001_act\debug\blk_goal.obj
c:\users\student\documents\visual studio 2015\projects\03_directx_cpp\c++制作01\cpp_001_rockdash\dcpp_001_act\debug\ef_smoke.obj
c:\users\student\documents\visual studio 2015\projects\03_directx_cpp\c++制作01\cpp_001_rockdash\dcpp_001_act\debug\blk_break.obj
c:\users\student\documents\visual studio 2015\projects\03_directx_cpp\c++制作01\cpp_001_rockdash\dcpp_001_act\debug\bg3d.obj
c:\users\student\documents\visual studio 2015\projects\03_directx_cpp\c++制作01\cpp_001_rockdash\dcpp_001_act\debug\press_enter.obj
c:\users\student\documents\visual studio 2015\projects\03_directx_cpp\c++制作01\cpp_001_rockdash\dcpp_001_act\debug\dcpp_001_act.ilk
c:\users\student\documents\visual studio 2015\projects\03_directx_cpp\c++制作01\cpp_001_rockdash\dcpp_001_act\debug\dcpp_001_act.exe
c:\users\student\documents\visual studio 2015\projects\03_directx_cpp\c++制作01\cpp_001_rockdash\dcpp_001_act\debug\dcpp_001_act.pdb
c:\users\student\documents\visual studio 2015\projects\03_directx_cpp\c++制作01\cpp_001_rockdash\dcpp_001_act\debug\blk_goal.obj.enc
c:\users\student\documents\visual studio 2015\projects\03_directx_cpp\c++制作01\cpp_001_rockdash\dcpp_001_act\debug\bullet.obj.enc
c:\users\student\documents\visual studio 2015\projects\03_directx_cpp\c++制作01\cpp_001_rockdash\dcpp_001_act\debug\enemy.obj.enc
c:\users\student\documents\visual studio 2015\projects\03_directx_cpp\c++制作01\cpp_001_rockdash\dcpp_001_act\debug\enemy_boss.obj.enc
c:\users\student\documents\visual studio 2015\projects\03_directx_cpp\c++制作01\cpp_001_rockdash\dcpp_001_act\debug\game.obj.enc
c:\users\student\documents\visual studio 2015\projects\03_directx_cpp\c++制作01\cpp_001_rockdash\dcpp_001_act\debug\manager.obj.enc
c:\users\student\documents\visual studio 2015\projects\03_directx_cpp\c++制作01\cpp_001_rockdash\dcpp_001_act\debug\map.obj.enc
c:\users\student\documents\visual studio 2015\projects\03_directx_cpp\c++制作01\cpp_001_rockdash\dcpp_001_act\debug\object.obj.enc
c:\users\student\documents\visual studio 2015\projects\03_directx_cpp\c++制作01\cpp_001_rockdash\dcpp_001_act\debug\objectx.obj.enc
c:\users\student\documents\visual studio 2015\projects\03_directx_cpp\c++制作01\cpp_001_rockdash\dcpp_001_act\debug\player.obj.enc
c:\users\student\documents\visual studio 2015\projects\03_directx_cpp\c++制作01\cpp_001_rockdash\dcpp_001_act\debug\spawn.obj.enc
c:\users\student\documents\visual studio 2015\projects\03_directx_cpp\c++制作01\cpp_001_rockdash\dcpp_001_act\debug\timer.obj.enc
c:\users\student\documents\visual studio 2015\projects\03_directx_cpp\c++制作01\cpp_001_rockdash\dcpp_001_act\debug\dcpp_001_act.tlog\cl.command.1.tlog
c:\users\student\documents\visual studio 2015\projects\03_directx_cpp\c++制作01\cpp_001_rockdash\dcpp_001_act\debug\dcpp_001_act.tlog\cl.read.1.tlog
c:\users\student\documents\visual studio 2015\projects\03_directx_cpp\c++制作01\cpp_001_rockdash\dcpp_001_act\debug\dcpp_001_act.tlog\cl.write.1.tlog
c:\users\student\documents\visual studio 2015\projects\03_directx_cpp\c++制作01\cpp_001_rockdash\dcpp_001_act\debug\dcpp_001_act.tlog\link.command.1.tlog
c:\users\student\documents\visual studio 2015\projects\03_directx_cpp\c++制作01\cpp_001_rockdash\dcpp_001_act\debug\dcpp_001_act.tlog\link.read.1.tlog
c:\users\student\documents\visual studio 2015\projects\03_directx_cpp\c++制作01\cpp_001_rockdash\dcpp_001_act\debug\dcpp_001_act.tlog\link.write.1.tlog
