c:\users\student\documents\visual studio 2015\projects\03_directx_cpp\c++制作03_就職作品\uniqueball\uniqueball\debug\uniqueball.pch
c:\users\student\documents\visual studio 2015\projects\03_directx_cpp\c++制作03_就職作品\uniqueball\uniqueball\debug\vc140.pdb
c:\users\student\documents\visual studio 2015\projects\03_directx_cpp\c++制作03_就職作品\uniqueball\uniqueball\debug\vc140.idb
c:\users\student\documents\visual studio 2015\projects\03_directx_cpp\c++制作03_就職作品\uniqueball\uniqueball\debug\precompile.obj
c:\users\student\documents\visual studio 2015\projects\03_directx_cpp\c++制作03_就職作品\uniqueball\uniqueball\debug\particle.obj
c:\users\student\documents\visual studio 2015\projects\03_directx_cpp\c++制作03_就職作品\uniqueball\uniqueball\debug\parts.obj
c:\users\student\documents\visual studio 2015\projects\03_directx_cpp\c++制作03_就職作品\uniqueball\uniqueball\debug\pause.obj
c:\users\student\documents\visual studio 2015\projects\03_directx_cpp\c++制作03_就職作品\uniqueball\uniqueball\debug\player.obj
c:\users\student\documents\visual studio 2015\projects\03_directx_cpp\c++制作03_就職作品\uniqueball\uniqueball\debug\press_enter.obj
c:\users\student\documents\visual studio 2015\projects\03_directx_cpp\c++制作03_就職作品\uniqueball\uniqueball\debug\ranking.obj
c:\users\student\documents\visual studio 2015\projects\03_directx_cpp\c++制作03_就職作品\uniqueball\uniqueball\debug\renderer.obj
c:\users\student\documents\visual studio 2015\projects\03_directx_cpp\c++制作03_就職作品\uniqueball\uniqueball\debug\result.obj
c:\users\student\documents\visual studio 2015\projects\03_directx_cpp\c++制作03_就職作品\uniqueball\uniqueball\debug\score.obj
c:\users\student\documents\visual studio 2015\projects\03_directx_cpp\c++制作03_就職作品\uniqueball\uniqueball\debug\sound.obj
c:\users\student\documents\visual studio 2015\projects\03_directx_cpp\c++制作03_就職作品\uniqueball\uniqueball\debug\state_life.obj
c:\users\student\documents\visual studio 2015\projects\03_directx_cpp\c++制作03_就職作品\uniqueball\uniqueball\debug\texture.obj
c:\users\student\documents\visual studio 2015\projects\03_directx_cpp\c++制作03_就職作品\uniqueball\uniqueball\debug\timer.obj
c:\users\student\documents\visual studio 2015\projects\03_directx_cpp\c++制作03_就職作品\uniqueball\uniqueball\debug\title.obj
c:\users\student\documents\visual studio 2015\projects\03_directx_cpp\c++制作03_就職作品\uniqueball\uniqueball\debug\tutorial.obj
c:\users\student\documents\visual studio 2015\projects\03_directx_cpp\c++制作03_就職作品\uniqueball\uniqueball\debug\useful.obj
c:\users\student\documents\visual studio 2015\projects\03_directx_cpp\c++制作03_就職作品\uniqueball\uniqueball\debug\wall.obj
c:\users\student\documents\visual studio 2015\projects\03_directx_cpp\c++制作03_就職作品\uniqueball\uniqueball\debug\weapon.obj
c:\users\student\documents\visual studio 2015\projects\03_directx_cpp\c++制作03_就職作品\uniqueball\uniqueball\debug\wp_ball.obj
c:\users\student\documents\visual studio 2015\projects\03_directx_cpp\c++制作03_就職作品\uniqueball\uniqueball\debug\xmodel.obj
c:\users\student\documents\visual studio 2015\projects\03_directx_cpp\c++制作03_就職作品\uniqueball\uniqueball\debug\explosion.obj
c:\users\student\documents\visual studio 2015\projects\03_directx_cpp\c++制作03_就職作品\uniqueball\uniqueball\debug\fade.obj
c:\users\student\documents\visual studio 2015\projects\03_directx_cpp\c++制作03_就職作品\uniqueball\uniqueball\debug\field.obj
c:\users\student\documents\visual studio 2015\projects\03_directx_cpp\c++制作03_就職作品\uniqueball\uniqueball\debug\game.obj
c:\users\student\documents\visual studio 2015\projects\03_directx_cpp\c++制作03_就職作品\uniqueball\uniqueball\debug\gauge.obj
c:\users\student\documents\visual studio 2015\projects\03_directx_cpp\c++制作03_就職作品\uniqueball\uniqueball\debug\identity.obj
c:\users\student\documents\visual studio 2015\projects\03_directx_cpp\c++制作03_就職作品\uniqueball\uniqueball\debug\input.obj
c:\users\student\documents\visual studio 2015\projects\03_directx_cpp\c++制作03_就職作品\uniqueball\uniqueball\debug\item.obj
c:\users\student\documents\visual studio 2015\projects\03_directx_cpp\c++制作03_就職作品\uniqueball\uniqueball\debug\light.obj
c:\users\student\documents\visual studio 2015\projects\03_directx_cpp\c++制作03_就職作品\uniqueball\uniqueball\debug\main.obj
c:\users\student\documents\visual studio 2015\projects\03_directx_cpp\c++制作03_就職作品\uniqueball\uniqueball\debug\map.obj
c:\users\student\documents\visual studio 2015\projects\03_directx_cpp\c++制作03_就職作品\uniqueball\uniqueball\debug\motion.obj
c:\users\student\documents\visual studio 2015\projects\03_directx_cpp\c++制作03_就職作品\uniqueball\uniqueball\debug\multibg.obj
c:\users\student\documents\visual studio 2015\projects\03_directx_cpp\c++制作03_就職作品\uniqueball\uniqueball\debug\number.obj
c:\users\student\documents\visual studio 2015\projects\03_directx_cpp\c++制作03_就職作品\uniqueball\uniqueball\debug\object.obj
c:\users\student\documents\visual studio 2015\projects\03_directx_cpp\c++制作03_就職作品\uniqueball\uniqueball\debug\object2d.obj
c:\users\student\documents\visual studio 2015\projects\03_directx_cpp\c++制作03_就職作品\uniqueball\uniqueball\debug\object3d.obj
c:\users\student\documents\visual studio 2015\projects\03_directx_cpp\c++制作03_就職作品\uniqueball\uniqueball\debug\objectbillboard.obj
c:\users\student\documents\visual studio 2015\projects\03_directx_cpp\c++制作03_就職作品\uniqueball\uniqueball\debug\objectx.obj
c:\users\student\documents\visual studio 2015\projects\03_directx_cpp\c++制作03_就職作品\uniqueball\uniqueball\debug\anim.obj
c:\users\student\documents\visual studio 2015\projects\03_directx_cpp\c++制作03_就職作品\uniqueball\uniqueball\debug\ball_ganarator.obj
c:\users\student\documents\visual studio 2015\projects\03_directx_cpp\c++制作03_就職作品\uniqueball\uniqueball\debug\bg.obj
c:\users\student\documents\visual studio 2015\projects\03_directx_cpp\c++制作03_就職作品\uniqueball\uniqueball\debug\bg3d.obj
c:\users\student\documents\visual studio 2015\projects\03_directx_cpp\c++制作03_就職作品\uniqueball\uniqueball\debug\blk_goal.obj
c:\users\student\documents\visual studio 2015\projects\03_directx_cpp\c++制作03_就職作品\uniqueball\uniqueball\debug\block.obj
c:\users\student\documents\visual studio 2015\projects\03_directx_cpp\c++制作03_就職作品\uniqueball\uniqueball\debug\bullet.obj
c:\users\student\documents\visual studio 2015\projects\03_directx_cpp\c++制作03_就職作品\uniqueball\uniqueball\debug\camera.obj
c:\users\student\documents\visual studio 2015\projects\03_directx_cpp\c++制作03_就職作品\uniqueball\uniqueball\debug\camera_game.obj
c:\users\student\documents\visual studio 2015\projects\03_directx_cpp\c++制作03_就職作品\uniqueball\uniqueball\debug\cursor.obj
c:\users\student\documents\visual studio 2015\projects\03_directx_cpp\c++制作03_就職作品\uniqueball\uniqueball\debug\debugproc.obj
c:\users\student\documents\visual studio 2015\projects\03_directx_cpp\c++制作03_就職作品\uniqueball\uniqueball\debug\effect.obj
c:\users\student\documents\visual studio 2015\projects\03_directx_cpp\c++制作03_就職作品\uniqueball\uniqueball\debug\ef_smoke.obj
c:\users\student\documents\visual studio 2015\projects\03_directx_cpp\c++制作03_就職作品\uniqueball\uniqueball\debug\enemy.obj
c:\users\student\documents\visual studio 2015\projects\03_directx_cpp\c++制作03_就職作品\uniqueball\uniqueball\debug\manager.obj
c:\users\student\documents\visual studio 2015\projects\03_directx_cpp\c++制作03_就職作品\uniqueball\uniqueball\debug\uniqueball.ilk
c:\users\student\documents\visual studio 2015\projects\03_directx_cpp\c++制作03_就職作品\uniqueball\uniqueball\debug\uniqueball.exe
c:\users\student\documents\visual studio 2015\projects\03_directx_cpp\c++制作03_就職作品\uniqueball\uniqueball\debug\uniqueball.pdb
c:\users\student\documents\visual studio 2015\projects\03_directx_cpp\c++制作03_就職作品\uniqueball\uniqueball\debug\uniqueball.tlog\cl.command.1.tlog
c:\users\student\documents\visual studio 2015\projects\03_directx_cpp\c++制作03_就職作品\uniqueball\uniqueball\debug\uniqueball.tlog\cl.read.1.tlog
c:\users\student\documents\visual studio 2015\projects\03_directx_cpp\c++制作03_就職作品\uniqueball\uniqueball\debug\uniqueball.tlog\cl.write.1.tlog
c:\users\student\documents\visual studio 2015\projects\03_directx_cpp\c++制作03_就職作品\uniqueball\uniqueball\debug\uniqueball.tlog\link.command.1.tlog
c:\users\student\documents\visual studio 2015\projects\03_directx_cpp\c++制作03_就職作品\uniqueball\uniqueball\debug\uniqueball.tlog\link.read.1.tlog
c:\users\student\documents\visual studio 2015\projects\03_directx_cpp\c++制作03_就職作品\uniqueball\uniqueball\debug\uniqueball.tlog\link.write.1.tlog
